\BOOKMARK [0][-]{dummy.1}{\376\377\000C\000o\000n\000t\000e\000n\000t\000s}{}% 1
\BOOKMARK [0][-]{dummy.3}{\376\377\000L\000i\000s\000t\000\040\000o\000f\000\040\000F\000i\000g\000u\000r\000e\000s}{}% 2
\BOOKMARK [0][-]{dummy.5}{\376\377\000L\000i\000s\000t\000\040\000o\000f\000\040\000T\000a\000b\000l\000e\000s}{}% 3
\BOOKMARK [0][-]{chapter.7}{\376\377\0001\000\040\000I\000n\000t\000r\000o\000d\000u\000c\000t\000i\000o\000n}{}% 4
\BOOKMARK [0][-]{chapter.8}{\376\377\0002\000\040\000L\000e\000a\000r\000n\000i\000n\000g\000\040\000B\000a\000y\000e\000s\000i\000a\000n\000\040\000N\000e\000t\000w\000o\000r\000k\000s}{}% 5
\BOOKMARK [1][-]{section.9}{\376\377\0002\000.\0001\000\040\000C\000h\000o\000o\000s\000i\000n\000g\000\040\000t\000h\000e\000\040\000S\000t\000r\000u\000c\000t\000u\000r\000e\000\040\000o\000f\000\040\000B\000a\000y\000e\000s\000i\000a\000n\000\040\000N\000e\000t\000w\000o\000r\000k\000s}{chapter.8}% 6
\BOOKMARK [2][-]{subsection.12}{\376\377\0002\000.\0001\000.\0001\000\040\000N\000a\000i\000v\000e\000\040\000B\000a\000y\000e\000s\000\040\000N\000e\000t\000w\000o\000r\000k}{section.9}% 7
\BOOKMARK [2][-]{subsection.14}{\376\377\0002\000.\0001\000.\0002\000\040\000C\000a\000u\000s\000a\000l\000\040\000N\000e\000t\000w\000o\000r\000k}{section.9}% 8
\BOOKMARK [2][-]{subsection.17}{\376\377\0002\000.\0001\000.\0003\000\040\000T\000h\000e\000\040\000c\000o\000n\000s\000t\000r\000a\000i\000n\000t\000-\000b\000a\000s\000e\000d\000\040\000G\000r\000o\000w\000-\000S\000h\000r\000i\000n\000k\000\040\000A\000l\000g\000o\000r\000i\000t\000h\000m}{section.9}% 9
\BOOKMARK [2][-]{subsection.21}{\376\377\0002\000.\0001\000.\0004\000\040\000T\000h\000e\000\040\000s\000c\000o\000r\000e\000-\000b\000a\000s\000e\000d\000\040\000H\000i\000l\000l\000-\000C\000l\000i\000m\000b\000e\000r\000\040\000A\000l\000g\000o\000r\000i\000t\000h\000m}{section.9}% 10
\BOOKMARK [1][-]{section.25}{\376\377\0002\000.\0002\000\040\000P\000a\000r\000a\000m\000e\000t\000e\000r\000\040\000L\000e\000a\000r\000n\000i\000n\000g}{chapter.8}% 11
\BOOKMARK [0][-]{chapter.26}{\376\377\0003\000\040\000T\000e\000s\000t\000i\000n\000g\000\040\000B\000a\000y\000e\000s\000i\000a\000n\000\040\000N\000e\000t\000w\000o\000r\000k\000s}{}% 12
\BOOKMARK [1][-]{section.28}{\376\377\0003\000.\0001\000\040\000V\000a\000l\000i\000d\000a\000t\000i\000o\000n}{chapter.26}% 13
\BOOKMARK [1][-]{section.30}{\376\377\0003\000.\0002\000\040\000C\000r\000o\000s\000s\000-\000v\000a\000l\000i\000d\000a\000t\000i\000o\000n}{chapter.26}% 14
\BOOKMARK [1][-]{section.33}{\376\377\0003\000.\0003\000\040\000B\000i\000a\000s\000-\000V\000a\000r\000i\000a\000n\000c\000e\000\040\000D\000e\000c\000o\000m\000p\000o\000s\000i\000t\000i\000o\000n}{chapter.26}% 15
\BOOKMARK [0][-]{chapter.37}{\376\377\0004\000\040\000C\000o\000n\000c\000l\000u\000s\000i\000o\000n\000s}{}% 16
\BOOKMARK [0][-]{appendix.40}{\376\377\000A\000\040\000A\000d\000d\000i\000t\000i\000o\000n\000a\000l\000\040\000F\000i\000g\000u\000r\000e\000s}{}% 17
\BOOKMARK [1][-]{section.41}{\376\377\000A\000.\0001\000\040\000F\000o\000l\000d\000s\000\040\000o\000f\000\040\000L\000e\000a\000r\000n\000e\000d\000\040\000N\000e\000t\000w\000o\000r\000k\000s\000:\000\040\000H\000i\000l\000l\000-\000C\000l\000i\000m\000b\000e\000r}{appendix.40}% 18
\BOOKMARK [1][-]{section.43}{\376\377\000A\000.\0002\000\040\000F\000o\000l\000d\000s\000\040\000o\000f\000\040\000L\000e\000a\000r\000n\000e\000d\000\040\000N\000e\000t\000w\000o\000r\000k\000s\000:\000\040\000G\000r\000o\000w\000-\000S\000h\000r\000i\000n\000k}{appendix.40}% 19
\BOOKMARK [0][-]{dummy.45}{\376\377\000R\000e\000f\000e\000r\000e\000n\000c\000e\000s}{}% 20
